<?xml version="1.0" encoding="UTF-8"?>
<coverage generated="1486959743499" clover="3.2.0">
  <project timestamp="1486959743500" name="All files">
    <metrics statements="43" coveredstatements="34" conditionals="12" coveredconditionals="8" methods="12" coveredmethods="6" elements="67" coveredelements="48" complexity="0" loc="43" ncloc="43" packages="1" files="2" classes="2">
      <file name="App.js" path="/Users/alexandre/Documents/react-native/expandingcircle/App.js">
        <metrics statements="7" coveredstatements="6" conditionals="0" coveredconditionals="0" methods="3" coveredmethods="2"/>
        <line num="20" count="1" type="stmt"/>
        <line num="21" count="1" type="stmt"/>
        <line num="25" count="1" type="stmt"/>
        <line num="29" count="0" type="stmt"/>
        <line num="36" count="1" type="stmt"/>
        <line num="37" count="1" type="stmt"/>
        <line num="53" count="1" type="stmt"/>
      </file>
      <file name="CircleTransition.js" path="/Users/alexandre/Documents/react-native/expandingcircle/CircleTransition.js">
        <metrics statements="36" coveredstatements="28" conditionals="12" coveredconditionals="8" methods="9" coveredmethods="4"/>
        <line num="3" count="2" type="stmt"/>
        <line num="8" count="7" type="stmt"/>
        <line num="9" count="7" type="stmt"/>
        <line num="10" count="7" type="stmt"/>
        <line num="11" count="7" type="stmt"/>
        <line num="15" count="0" type="stmt"/>
        <line num="16" count="0" type="stmt"/>
        <line num="17" count="0" type="stmt"/>
        <line num="22" count="0" type="stmt"/>
        <line num="23" count="0" type="stmt"/>
        <line num="27" count="0" type="stmt"/>
        <line num="32" count="0" type="stmt"/>
        <line num="33" count="0" type="stmt"/>
        <line num="40" count="7" type="stmt"/>
        <line num="41" count="7" type="stmt"/>
        <line num="42" count="7" type="stmt"/>
        <line num="43" count="7" type="stmt"/>
        <line num="44" count="7" type="stmt"/>
        <line num="46" count="2" type="stmt"/>
        <line num="49" count="2" type="stmt"/>
        <line num="51" count="3" type="stmt"/>
        <line num="56" count="7" type="stmt"/>
        <line num="57" count="7" type="stmt"/>
        <line num="58" count="7" type="stmt"/>
        <line num="59" count="7" type="stmt"/>
        <line num="60" count="7" type="stmt"/>
        <line num="62" count="2" type="stmt"/>
        <line num="65" count="2" type="stmt"/>
        <line num="67" count="3" type="stmt"/>
        <line num="72" count="7" type="stmt"/>
        <line num="73" count="7" type="stmt"/>
        <line num="74" count="7" type="stmt"/>
        <line num="75" count="7" type="stmt"/>
        <line num="76" count="7" type="stmt"/>
        <line num="97" count="2" type="stmt"/>
        <line num="111" count="2" type="stmt"/>
      </file>
    </metrics>
  </project>
</coverage>
