{"/Users/alexandre/Documents/react-native/react-native-expanding-circle-transition/CircleTransition.js": {"path":"/Users/alexandre/Documents/react-native/react-native-expanding-circle-transition/CircleTransition.js","statementMap":{"0":{"start":{"line":3,"column":26},"end":{"line":3,"column":50}},"1":{"start":{"line":5,"column":15},"end":{"line":5,"column":16}},"2":{"start":{"line":6,"column":15},"end":{"line":6,"column":16}},"3":{"start":{"line":11,"column":4},"end":{"line":11,"column":16}},"4":{"start":{"line":12,"column":4},"end":{"line":15,"column":5}},"5":{"start":{"line":19,"column":23},"end":{"line":19,"column":33}},"6":{"start":{"line":20,"column":4},"end":{"line":22,"column":6}},"7":{"start":{"line":21,"column":6},"end":{"line":21,"column":36}},"8":{"start":{"line":26,"column":18},"end":{"line":26,"column":42}},"9":{"start":{"line":27,"column":4},"end":{"line":33,"column":6}},"10":{"start":{"line":31,"column":6},"end":{"line":31,"column":16}},"11":{"start":{"line":32,"column":6},"end":{"line":32,"column":41}},"12":{"start":{"line":37,"column":20},"end":{"line":37,"column":44}},"13":{"start":{"line":38,"column":4},"end":{"line":41,"column":16}},"14":{"start":{"line":45,"column":39},"end":{"line":45,"column":49}},"15":{"start":{"line":46,"column":21},"end":{"line":46,"column":29}},"16":{"start":{"line":47,"column":22},"end":{"line":47,"column":31}},"17":{"start":{"line":48,"column":34},"end":{"line":48,"column":43}},"18":{"start":{"line":49,"column":4},"end":{"line":62,"column":5}},"19":{"start":{"line":53,"column":8},"end":{"line":53,"column":50}},"20":{"start":{"line":57,"column":8},"end":{"line":57,"column":46}},"21":{"start":{"line":59,"column":8},"end":{"line":59,"column":57}},"22":{"start":{"line":61,"column":8},"end":{"line":61,"column":38}},"23":{"start":{"line":66,"column":38},"end":{"line":66,"column":48}},"24":{"start":{"line":67,"column":21},"end":{"line":67,"column":29}},"25":{"start":{"line":68,"column":23},"end":{"line":68,"column":33}},"26":{"start":{"line":69,"column":32},"end":{"line":69,"column":41}},"27":{"start":{"line":70,"column":4},"end":{"line":83,"column":5}},"28":{"start":{"line":74,"column":8},"end":{"line":74,"column":49}},"29":{"start":{"line":78,"column":8},"end":{"line":78,"column":45}},"30":{"start":{"line":80,"column":8},"end":{"line":80,"column":54}},"31":{"start":{"line":82,"column":8},"end":{"line":82,"column":36}},"32":{"start":{"line":87,"column":36},"end":{"line":87,"column":46}},"33":{"start":{"line":88,"column":38},"end":{"line":88,"column":48}},"34":{"start":{"line":89,"column":25},"end":{"line":89,"column":57}},"35":{"start":{"line":90,"column":27},"end":{"line":90,"column":61}},"36":{"start":{"line":91,"column":4},"end":{"line":108,"column":5}},"37":{"start":{"line":112,"column":0},"end":{"line":131,"column":1}},"38":{"start":{"line":133,"column":0},"end":{"line":141,"column":1}}},"fnMap":{"0":{"name":"(anonymous_0)","decl":{"start":{"line":10,"column":2},"end":{"line":10,"column":3}},"loc":{"start":{"line":10,"column":22},"end":{"line":16,"column":3}}},"1":{"name":"(anonymous_1)","decl":{"start":{"line":18,"column":2},"end":{"line":18,"column":3}},"loc":{"start":{"line":18,"column":19},"end":{"line":23,"column":3}}},"2":{"name":"(anonymous_2)","decl":{"start":{"line":20,"column":39},"end":{"line":20,"column":40}},"loc":{"start":{"line":20,"column":45},"end":{"line":22,"column":5}}},"3":{"name":"(anonymous_3)","decl":{"start":{"line":25,"column":2},"end":{"line":25,"column":3}},"loc":{"start":{"line":25,"column":29},"end":{"line":34,"column":3}}},"4":{"name":"(anonymous_4)","decl":{"start":{"line":30,"column":13},"end":{"line":30,"column":14}},"loc":{"start":{"line":30,"column":19},"end":{"line":33,"column":5}}},"5":{"name":"(anonymous_5)","decl":{"start":{"line":36,"column":2},"end":{"line":36,"column":3}},"loc":{"start":{"line":36,"column":46},"end":{"line":42,"column":3}}},"6":{"name":"(anonymous_6)","decl":{"start":{"line":44,"column":2},"end":{"line":44,"column":3}},"loc":{"start":{"line":44,"column":33},"end":{"line":63,"column":3}}},"7":{"name":"(anonymous_7)","decl":{"start":{"line":65,"column":2},"end":{"line":65,"column":3}},"loc":{"start":{"line":65,"column":31},"end":{"line":84,"column":3}}},"8":{"name":"(anonymous_8)","decl":{"start":{"line":86,"column":2},"end":{"line":86,"column":3}},"loc":{"start":{"line":86,"column":12},"end":{"line":109,"column":3}}}},"branchMap":{"0":{"loc":{"start":{"line":26,"column":18},"end":{"line":26,"column":42}},"type":"cond-expr","locations":[{"start":{"line":26,"column":27},"end":{"line":26,"column":33}},{"start":{"line":26,"column":36},"end":{"line":26,"column":42}}]},"1":{"loc":{"start":{"line":37,"column":20},"end":{"line":37,"column":44}},"type":"cond-expr","locations":[{"start":{"line":37,"column":29},"end":{"line":37,"column":35}},{"start":{"line":37,"column":38},"end":{"line":37,"column":44}}]},"2":{"loc":{"start":{"line":49,"column":4},"end":{"line":62,"column":5}},"type":"switch","locations":[{"start":{"line":50,"column":6},"end":{"line":50,"column":20}},{"start":{"line":51,"column":6},"end":{"line":51,"column":17}},{"start":{"line":52,"column":6},"end":{"line":53,"column":50}},{"start":{"line":54,"column":6},"end":{"line":54,"column":22}},{"start":{"line":55,"column":6},"end":{"line":55,"column":25}},{"start":{"line":56,"column":6},"end":{"line":57,"column":46}},{"start":{"line":58,"column":6},"end":{"line":59,"column":57}},{"start":{"line":60,"column":6},"end":{"line":61,"column":38}}]},"3":{"loc":{"start":{"line":70,"column":4},"end":{"line":83,"column":5}},"type":"switch","locations":[{"start":{"line":71,"column":6},"end":{"line":71,"column":20}},{"start":{"line":72,"column":6},"end":{"line":72,"column":18}},{"start":{"line":73,"column":6},"end":{"line":74,"column":49}},{"start":{"line":75,"column":6},"end":{"line":75,"column":24}},{"start":{"line":76,"column":6},"end":{"line":76,"column":25}},{"start":{"line":77,"column":6},"end":{"line":78,"column":45}},{"start":{"line":79,"column":6},"end":{"line":80,"column":54}},{"start":{"line":81,"column":6},"end":{"line":82,"column":36}}]}},"s":{"0":1,"1":1,"2":1,"3":11,"4":11,"5":0,"6":0,"7":0,"8":0,"9":0,"10":0,"11":0,"12":0,"13":0,"14":11,"15":11,"16":11,"17":11,"18":11,"19":3,"20":3,"21":1,"22":4,"23":11,"24":11,"25":11,"26":11,"27":11,"28":3,"29":3,"30":1,"31":4,"32":11,"33":11,"34":11,"35":11,"36":11,"37":1,"38":1},"f":{"0":11,"1":0,"2":0,"3":0,"4":0,"5":0,"6":11,"7":11,"8":11},"b":{"0":[0,0],"1":[0,0],"2":[1,2,3,1,2,3,1,4],"3":[1,2,3,1,2,3,1,4]},"_coverageSchema":"332fd63041d2c1bcb487cc26dd0d5f7d97098a6c","hash":"74c68a55ecc6f8257e188edf21e18258b9d69bc9"}
}
