{"/Users/alexandre/Documents/react-native/expandingcircle/App.js": {"path":"/Users/alexandre/Documents/react-native/expandingcircle/App.js","statementMap":{"0":{"start":{"line":20,"column":4},"end":{"line":20,"column":16}},"1":{"start":{"line":21,"column":4},"end":{"line":24,"column":5}},"2":{"start":{"line":25,"column":4},"end":{"line":25,"column":50}},"3":{"start":{"line":29,"column":4},"end":{"line":32,"column":6}},"4":{"start":{"line":36,"column":30},"end":{"line":36,"column":40}},"5":{"start":{"line":37,"column":4},"end":{"line":49,"column":5}},"6":{"start":{"line":53,"column":15},"end":{"line":67,"column":2}}},"fnMap":{"0":{"name":"(anonymous_0)","decl":{"start":{"line":19,"column":2},"end":{"line":19,"column":3}},"loc":{"start":{"line":19,"column":22},"end":{"line":26,"column":3}}},"1":{"name":"(anonymous_1)","decl":{"start":{"line":28,"column":2},"end":{"line":28,"column":3}},"loc":{"start":{"line":28,"column":17},"end":{"line":33,"column":3}}},"2":{"name":"(anonymous_2)","decl":{"start":{"line":35,"column":2},"end":{"line":35,"column":3}},"loc":{"start":{"line":35,"column":12},"end":{"line":50,"column":3}}}},"branchMap":{},"s":{"0":1,"1":1,"2":1,"3":0,"4":1,"5":1,"6":1},"f":{"0":1,"1":0,"2":1},"b":{},"_coverageSchema":"332fd63041d2c1bcb487cc26dd0d5f7d97098a6c","hash":"81f2296c02d678687ade02ddb31196f3b9161d4b"}
,"/Users/alexandre/Documents/react-native/expandingcircle/CircleTransition.js": {"path":"/Users/alexandre/Documents/react-native/expandingcircle/CircleTransition.js","statementMap":{"0":{"start":{"line":3,"column":26},"end":{"line":3,"column":50}},"1":{"start":{"line":8,"column":4},"end":{"line":8,"column":16}},"2":{"start":{"line":9,"column":4},"end":{"line":9,"column":19}},"3":{"start":{"line":10,"column":4},"end":{"line":10,"column":35}},"4":{"start":{"line":11,"column":4},"end":{"line":11,"column":44}},"5":{"start":{"line":15,"column":23},"end":{"line":15,"column":32}},"6":{"start":{"line":16,"column":4},"end":{"line":18,"column":6}},"7":{"start":{"line":17,"column":6},"end":{"line":17,"column":26}},"8":{"start":{"line":22,"column":18},"end":{"line":22,"column":32}},"9":{"start":{"line":23,"column":4},"end":{"line":28,"column":6}},"10":{"start":{"line":27,"column":6},"end":{"line":27,"column":33}},"11":{"start":{"line":32,"column":20},"end":{"line":32,"column":34}},"12":{"start":{"line":33,"column":4},"end":{"line":36,"column":16}},"13":{"start":{"line":40,"column":21},"end":{"line":40,"column":31}},"14":{"start":{"line":41,"column":21},"end":{"line":41,"column":29}},"15":{"start":{"line":42,"column":22},"end":{"line":42,"column":31}},"16":{"start":{"line":43,"column":34},"end":{"line":43,"column":43}},"17":{"start":{"line":44,"column":4},"end":{"line":52,"column":5}},"18":{"start":{"line":46,"column":8},"end":{"line":46,"column":50}},"19":{"start":{"line":49,"column":8},"end":{"line":49,"column":46}},"20":{"start":{"line":51,"column":8},"end":{"line":51,"column":38}},"21":{"start":{"line":56,"column":21},"end":{"line":56,"column":31}},"22":{"start":{"line":57,"column":21},"end":{"line":57,"column":29}},"23":{"start":{"line":58,"column":23},"end":{"line":58,"column":33}},"24":{"start":{"line":59,"column":32},"end":{"line":59,"column":41}},"25":{"start":{"line":60,"column":4},"end":{"line":68,"column":5}},"26":{"start":{"line":62,"column":8},"end":{"line":62,"column":49}},"27":{"start":{"line":65,"column":8},"end":{"line":65,"column":45}},"28":{"start":{"line":67,"column":8},"end":{"line":67,"column":36}},"29":{"start":{"line":72,"column":36},"end":{"line":72,"column":46}},"30":{"start":{"line":73,"column":38},"end":{"line":73,"column":48}},"31":{"start":{"line":74,"column":25},"end":{"line":74,"column":57}},"32":{"start":{"line":75,"column":27},"end":{"line":75,"column":61}},"33":{"start":{"line":76,"column":4},"end":{"line":93,"column":5}},"34":{"start":{"line":97,"column":0},"end":{"line":109,"column":1}},"35":{"start":{"line":111,"column":0},"end":{"line":117,"column":1}}},"fnMap":{"0":{"name":"(anonymous_0)","decl":{"start":{"line":7,"column":2},"end":{"line":7,"column":3}},"loc":{"start":{"line":7,"column":22},"end":{"line":12,"column":3}}},"1":{"name":"(anonymous_1)","decl":{"start":{"line":14,"column":2},"end":{"line":14,"column":3}},"loc":{"start":{"line":14,"column":40},"end":{"line":19,"column":3}}},"2":{"name":"(anonymous_2)","decl":{"start":{"line":16,"column":39},"end":{"line":16,"column":40}},"loc":{"start":{"line":16,"column":45},"end":{"line":18,"column":5}}},"3":{"name":"(anonymous_3)","decl":{"start":{"line":21,"column":2},"end":{"line":21,"column":3}},"loc":{"start":{"line":21,"column":19},"end":{"line":29,"column":3}}},"4":{"name":"(anonymous_4)","decl":{"start":{"line":26,"column":13},"end":{"line":26,"column":14}},"loc":{"start":{"line":26,"column":19},"end":{"line":28,"column":5}}},"5":{"name":"(anonymous_5)","decl":{"start":{"line":31,"column":2},"end":{"line":31,"column":3}},"loc":{"start":{"line":31,"column":46},"end":{"line":37,"column":3}}},"6":{"name":"(anonymous_6)","decl":{"start":{"line":39,"column":2},"end":{"line":39,"column":3}},"loc":{"start":{"line":39,"column":33},"end":{"line":53,"column":3}}},"7":{"name":"(anonymous_7)","decl":{"start":{"line":55,"column":2},"end":{"line":55,"column":3}},"loc":{"start":{"line":55,"column":31},"end":{"line":69,"column":3}}},"8":{"name":"(anonymous_8)","decl":{"start":{"line":71,"column":2},"end":{"line":71,"column":3}},"loc":{"start":{"line":71,"column":12},"end":{"line":94,"column":3}}}},"branchMap":{"0":{"loc":{"start":{"line":22,"column":18},"end":{"line":22,"column":32}},"type":"cond-expr","locations":[{"start":{"line":22,"column":27},"end":{"line":22,"column":28}},{"start":{"line":22,"column":31},"end":{"line":22,"column":32}}]},"1":{"loc":{"start":{"line":32,"column":20},"end":{"line":32,"column":34}},"type":"cond-expr","locations":[{"start":{"line":32,"column":29},"end":{"line":32,"column":30}},{"start":{"line":32,"column":33},"end":{"line":32,"column":34}}]},"2":{"loc":{"start":{"line":44,"column":4},"end":{"line":52,"column":5}},"type":"switch","locations":[{"start":{"line":45,"column":6},"end":{"line":46,"column":50}},{"start":{"line":47,"column":6},"end":{"line":47,"column":22}},{"start":{"line":48,"column":6},"end":{"line":49,"column":46}},{"start":{"line":50,"column":6},"end":{"line":51,"column":38}}]},"3":{"loc":{"start":{"line":60,"column":4},"end":{"line":68,"column":5}},"type":"switch","locations":[{"start":{"line":61,"column":6},"end":{"line":62,"column":49}},{"start":{"line":63,"column":6},"end":{"line":63,"column":24}},{"start":{"line":64,"column":6},"end":{"line":65,"column":45}},{"start":{"line":66,"column":6},"end":{"line":67,"column":36}}]}},"s":{"0":2,"1":7,"2":7,"3":7,"4":7,"5":0,"6":0,"7":0,"8":0,"9":0,"10":0,"11":0,"12":0,"13":7,"14":7,"15":7,"16":7,"17":7,"18":2,"19":2,"20":3,"21":7,"22":7,"23":7,"24":7,"25":7,"26":2,"27":2,"28":3,"29":7,"30":7,"31":7,"32":7,"33":7,"34":2,"35":2},"f":{"0":7,"1":0,"2":0,"3":0,"4":0,"5":0,"6":7,"7":7,"8":7},"b":{"0":[0,0],"1":[0,0],"2":[2,1,2,3],"3":[2,1,2,3]},"_coverageSchema":"332fd63041d2c1bcb487cc26dd0d5f7d97098a6c","hash":"f1fd9bced497e1e0e9a923e5dbfe9144203a2152"}
}
