TN:
SF:/Users/alexandre/Documents/react-native/react-native-expanding-circle-transition/CircleTransition.js
FN:7,(anonymous_0)
FN:14,(anonymous_1)
FN:16,(anonymous_2)
FN:21,(anonymous_3)
FN:26,(anonymous_4)
FN:31,(anonymous_5)
FN:39,(anonymous_6)
FN:55,(anonymous_7)
FN:71,(anonymous_8)
FNF:9
FNH:4
FNDA:6,(anonymous_0)
FNDA:0,(anonymous_1)
FNDA:0,(anonymous_2)
FNDA:0,(anonymous_3)
FNDA:0,(anonymous_4)
FNDA:0,(anonymous_5)
FNDA:6,(anonymous_6)
FNDA:6,(anonymous_7)
FNDA:6,(anonymous_8)
DA:3,1
DA:8,6
DA:9,6
DA:10,6
DA:11,6
DA:15,0
DA:16,0
DA:17,0
DA:22,0
DA:23,0
DA:27,0
DA:32,0
DA:33,0
DA:40,6
DA:41,6
DA:42,6
DA:43,6
DA:44,6
DA:46,1
DA:49,2
DA:51,3
DA:56,6
DA:57,6
DA:58,6
DA:59,6
DA:60,6
DA:62,1
DA:65,2
DA:67,3
DA:72,6
DA:73,6
DA:74,6
DA:75,6
DA:76,6
DA:97,1
DA:111,1
LF:36
LH:28
BRDA:22,0,0,0
BRDA:22,0,1,0
BRDA:32,1,0,0
BRDA:32,1,1,0
BRDA:44,2,0,1
BRDA:44,2,1,1
BRDA:44,2,2,2
BRDA:44,2,3,3
BRDA:60,3,0,1
BRDA:60,3,1,1
BRDA:60,3,2,2
BRDA:60,3,3,3
BRF:12
BRH:8
end_of_record
