TN:
SF:/Users/alexandre/Documents/react-native/expandingcircle/App.js
FN:19,(anonymous_0)
FN:28,(anonymous_1)
FN:35,(anonymous_2)
FNF:3
FNH:2
FNDA:1,(anonymous_0)
FNDA:0,(anonymous_1)
FNDA:1,(anonymous_2)
DA:20,1
DA:21,1
DA:25,1
DA:29,0
DA:36,1
DA:37,1
DA:53,1
LF:7
LH:6
BRF:0
BRH:0
end_of_record
TN:
SF:/Users/alexandre/Documents/react-native/expandingcircle/CircleTransition.js
FN:7,(anonymous_0)
FN:14,(anonymous_1)
FN:16,(anonymous_2)
FN:21,(anonymous_3)
FN:26,(anonymous_4)
FN:31,(anonymous_5)
FN:39,(anonymous_6)
FN:55,(anonymous_7)
FN:71,(anonymous_8)
FNF:9
FNH:4
FNDA:7,(anonymous_0)
FNDA:0,(anonymous_1)
FNDA:0,(anonymous_2)
FNDA:0,(anonymous_3)
FNDA:0,(anonymous_4)
FNDA:0,(anonymous_5)
FNDA:7,(anonymous_6)
FNDA:7,(anonymous_7)
FNDA:7,(anonymous_8)
DA:3,2
DA:8,7
DA:9,7
DA:10,7
DA:11,7
DA:15,0
DA:16,0
DA:17,0
DA:22,0
DA:23,0
DA:27,0
DA:32,0
DA:33,0
DA:40,7
DA:41,7
DA:42,7
DA:43,7
DA:44,7
DA:46,2
DA:49,2
DA:51,3
DA:56,7
DA:57,7
DA:58,7
DA:59,7
DA:60,7
DA:62,2
DA:65,2
DA:67,3
DA:72,7
DA:73,7
DA:74,7
DA:75,7
DA:76,7
DA:97,2
DA:111,2
LF:36
LH:28
BRDA:22,0,0,0
BRDA:22,0,1,0
BRDA:32,1,0,0
BRDA:32,1,1,0
BRDA:44,2,0,2
BRDA:44,2,1,1
BRDA:44,2,2,2
BRDA:44,2,3,3
BRDA:60,3,0,2
BRDA:60,3,1,1
BRDA:60,3,2,2
BRDA:60,3,3,3
BRF:12
BRH:8
end_of_record
